<?xml version="1.0" encoding="UTF-8"?>
<!-- Generated by org.testng.reporters.JUnitXMLReporter -->
<testsuite ignored="0" hostname="coco-pc" failures="0" tests="7" name="Default test" time="56.396" errors="0" timestamp="2022-10-11T13:29:28 IST">
  <testcase classname="com.demo.FlipkartLogin" name="initialization_T0" time="4.061"/>
  <testcase classname="com.demo.FlipkartLogin" name="cross_T1" time="30.339"/>
  <testcase classname="com.demo.FlipkartLogin" name="TitleTest_T2" time="0.065"/>
  <testcase classname="com.demo.FlipkartLogin" name="MaxWindow_T3" time="0.201"/>
  <testcase classname="com.demo.FlipkartLogin" name="SendingQuerry_T4" time="0.284"/>
  <testcase classname="com.demo.FlipkartLogin" name="Search_T5" time="0.138"/>
  <testcase classname="com.demo.FlipkartLogin" name="Scroll_T6" time="0.065"/>
</testsuite> <!-- Default test -->
