<?xml version="1.0" encoding="UTF-8"?>
<testng-results ignored="0" total="7" passed="7" failed="0" skipped="0">
  <reporter-output>
  </reporter-output>
  <suite started-at="2022-10-11T13:28:32 IST" name="Default suite" finished-at="2022-10-11T13:29:28 IST" duration-ms="56396">
    <groups>
      <group name="Chrome">
        <method signature="FlipkartLogin.cross_T1()[pri:0, instance:com.demo.FlipkartLogin@614ca7df]" name="cross_T1" class="com.demo.FlipkartLogin"/>
        <method signature="FlipkartLogin.TitleTest_T2()[pri:0, instance:com.demo.FlipkartLogin@614ca7df]" name="TitleTest_T2" class="com.demo.FlipkartLogin"/>
        <method signature="FlipkartLogin.MaxWindow_T3()[pri:0, instance:com.demo.FlipkartLogin@614ca7df]" name="MaxWindow_T3" class="com.demo.FlipkartLogin"/>
        <method signature="FlipkartLogin.SendingQuerry_T4()[pri:0, instance:com.demo.FlipkartLogin@614ca7df]" name="SendingQuerry_T4" class="com.demo.FlipkartLogin"/>
        <method signature="FlipkartLogin.Search_T5()[pri:0, instance:com.demo.FlipkartLogin@614ca7df]" name="Search_T5" class="com.demo.FlipkartLogin"/>
        <method signature="FlipkartLogin.Scroll_T6()[pri:0, instance:com.demo.FlipkartLogin@614ca7df]" name="Scroll_T6" class="com.demo.FlipkartLogin"/>
      </group> <!-- Chrome -->
    </groups>
    <test started-at="2022-10-11T13:28:32 IST" name="Default test" finished-at="2022-10-11T13:29:28 IST" duration-ms="56396">
      <class name="com.demo.FlipkartLogin">
        <test-method signature="initialization_T0()[pri:0, instance:com.demo.FlipkartLogin@614ca7df]" started-at="2022-10-11T13:28:32 IST" name="initialization_T0" finished-at="2022-10-11T13:28:36 IST" duration-ms="4061" status="PASS">
          <reporter-output>
          </reporter-output>
        </test-method> <!-- initialization_T0 -->
        <test-method is-config="true" signature="afterMethod()[pri:0, instance:com.demo.FlipkartLogin@614ca7df]" started-at="2022-10-11T13:28:36 IST" name="afterMethod" finished-at="2022-10-11T13:28:39 IST" duration-ms="3025" status="PASS">
          <reporter-output>
          </reporter-output>
        </test-method> <!-- afterMethod -->
        <test-method signature="cross_T1()[pri:0, instance:com.demo.FlipkartLogin@614ca7df]" started-at="2022-10-11T13:28:39 IST" name="cross_T1" finished-at="2022-10-11T13:29:09 IST" depends-on-methods="com.demo.FlipkartLogin.initialization_T0" duration-ms="30339" status="PASS">
          <reporter-output>
          </reporter-output>
        </test-method> <!-- cross_T1 -->
        <test-method is-config="true" signature="afterMethod()[pri:0, instance:com.demo.FlipkartLogin@614ca7df]" started-at="2022-10-11T13:29:09 IST" name="afterMethod" finished-at="2022-10-11T13:29:12 IST" duration-ms="3012" status="PASS">
          <reporter-output>
          </reporter-output>
        </test-method> <!-- afterMethod -->
        <test-method signature="TitleTest_T2()[pri:0, instance:com.demo.FlipkartLogin@614ca7df]" started-at="2022-10-11T13:29:12 IST" name="TitleTest_T2" finished-at="2022-10-11T13:29:12 IST" depends-on-methods="com.demo.FlipkartLogin.cross_T1" duration-ms="65" status="PASS">
          <reporter-output>
          </reporter-output>
        </test-method> <!-- TitleTest_T2 -->
        <test-method is-config="true" signature="afterMethod()[pri:0, instance:com.demo.FlipkartLogin@614ca7df]" started-at="2022-10-11T13:29:12 IST" name="afterMethod" finished-at="2022-10-11T13:29:15 IST" duration-ms="3006" status="PASS">
          <reporter-output>
          </reporter-output>
        </test-method> <!-- afterMethod -->
        <test-method signature="MaxWindow_T3()[pri:0, instance:com.demo.FlipkartLogin@614ca7df]" started-at="2022-10-11T13:29:15 IST" name="MaxWindow_T3" finished-at="2022-10-11T13:29:15 IST" depends-on-methods="com.demo.FlipkartLogin.TitleTest_T2" duration-ms="201" status="PASS">
          <reporter-output>
          </reporter-output>
        </test-method> <!-- MaxWindow_T3 -->
        <test-method is-config="true" signature="afterMethod()[pri:0, instance:com.demo.FlipkartLogin@614ca7df]" started-at="2022-10-11T13:29:15 IST" name="afterMethod" finished-at="2022-10-11T13:29:18 IST" duration-ms="3004" status="PASS">
          <reporter-output>
          </reporter-output>
        </test-method> <!-- afterMethod -->
        <test-method signature="SendingQuerry_T4()[pri:0, instance:com.demo.FlipkartLogin@614ca7df]" started-at="2022-10-11T13:29:18 IST" name="SendingQuerry_T4" finished-at="2022-10-11T13:29:19 IST" depends-on-methods="com.demo.FlipkartLogin.MaxWindow_T3" duration-ms="284" status="PASS">
          <reporter-output>
          </reporter-output>
        </test-method> <!-- SendingQuerry_T4 -->
        <test-method is-config="true" signature="afterMethod()[pri:0, instance:com.demo.FlipkartLogin@614ca7df]" started-at="2022-10-11T13:29:19 IST" name="afterMethod" finished-at="2022-10-11T13:29:22 IST" duration-ms="3008" status="PASS">
          <reporter-output>
          </reporter-output>
        </test-method> <!-- afterMethod -->
        <test-method signature="Search_T5()[pri:0, instance:com.demo.FlipkartLogin@614ca7df]" started-at="2022-10-11T13:29:22 IST" name="Search_T5" finished-at="2022-10-11T13:29:22 IST" depends-on-methods="com.demo.FlipkartLogin.SendingQuerry_T4" duration-ms="138" status="PASS">
          <reporter-output>
          </reporter-output>
        </test-method> <!-- Search_T5 -->
        <test-method is-config="true" signature="afterMethod()[pri:0, instance:com.demo.FlipkartLogin@614ca7df]" started-at="2022-10-11T13:29:22 IST" name="afterMethod" finished-at="2022-10-11T13:29:25 IST" duration-ms="3014" status="PASS">
          <reporter-output>
          </reporter-output>
        </test-method> <!-- afterMethod -->
        <test-method signature="Scroll_T6()[pri:0, instance:com.demo.FlipkartLogin@614ca7df]" started-at="2022-10-11T13:29:25 IST" name="Scroll_T6" finished-at="2022-10-11T13:29:25 IST" depends-on-methods="com.demo.FlipkartLogin.Search_T5" duration-ms="65" status="PASS">
          <reporter-output>
          </reporter-output>
        </test-method> <!-- Scroll_T6 -->
        <test-method is-config="true" signature="afterMethod()[pri:0, instance:com.demo.FlipkartLogin@614ca7df]" started-at="2022-10-11T13:29:25 IST" name="afterMethod" finished-at="2022-10-11T13:29:28 IST" duration-ms="3017" status="PASS">
          <reporter-output>
          </reporter-output>
        </test-method> <!-- afterMethod -->
        <test-method is-config="true" signature="Message2()[pri:0, instance:com.demo.FlipkartLogin@614ca7df]" started-at="2022-10-11T13:29:28 IST" name="Message2" finished-at="2022-10-11T13:29:28 IST" duration-ms="1" status="PASS">
          <reporter-output>
          </reporter-output>
        </test-method> <!-- Message2 -->
      </class> <!-- com.demo.FlipkartLogin -->
    </test> <!-- Default test -->
  </suite> <!-- Default suite -->
</testng-results>
